C:\USERS\SFREES\DROPBOX\RAMAPO\CLASSES\CMPS369\CMPS369\01_TCP_DEMOS\C_SERVER\DEBUG\TCPSERVER.OBJ
C:\USERS\SFREES\DROPBOX\RAMAPO\CLASSES\CMPS369\CMPS369\01_TCP_DEMOS\C_SERVER\DEBUG\VC110.PDB
C:\USERS\SFREES\DROPBOX\RAMAPO\CLASSES\CMPS369\CMPS369\01_TCP_DEMOS\C_CLIENT\DEBUG\C_SERVER.ILK
C:\USERS\SFREES\DROPBOX\RAMAPO\CLASSES\CMPS369\CMPS369\01_TCP_DEMOS\C_CLIENT\DEBUG\C_SERVER.EXE
C:\USERS\SFREES\DROPBOX\RAMAPO\CLASSES\CMPS369\CMPS369\01_TCP_DEMOS\C_CLIENT\DEBUG\C_SERVER.PDB
C:\Users\sfrees\Dropbox\ramapo\classes\CMPS369\cmps369\01_tcp_demos\C_Server\Debug\tcpServer.obj
C:\Users\sfrees\Dropbox\ramapo\classes\CMPS369\cmps369\01_tcp_demos\C_Server\Debug\cl.command.1.tlog
C:\Users\sfrees\Dropbox\ramapo\classes\CMPS369\cmps369\01_tcp_demos\C_Server\Debug\CL.read.1.tlog
C:\Users\sfrees\Dropbox\ramapo\classes\CMPS369\cmps369\01_tcp_demos\C_Server\Debug\CL.write.1.tlog
C:\Users\sfrees\Dropbox\ramapo\classes\CMPS369\cmps369\01_tcp_demos\C_Server\Debug\link-cvtres.read.1.tlog
C:\Users\sfrees\Dropbox\ramapo\classes\CMPS369\cmps369\01_tcp_demos\C_Server\Debug\link-cvtres.write.1.tlog
C:\Users\sfrees\Dropbox\ramapo\classes\CMPS369\cmps369\01_tcp_demos\C_Server\Debug\link-rc.read.1.tlog
C:\Users\sfrees\Dropbox\ramapo\classes\CMPS369\cmps369\01_tcp_demos\C_Server\Debug\link-rc.write.1.tlog
C:\Users\sfrees\Dropbox\ramapo\classes\CMPS369\cmps369\01_tcp_demos\C_Server\Debug\link.command.1.tlog
C:\Users\sfrees\Dropbox\ramapo\classes\CMPS369\cmps369\01_tcp_demos\C_Server\Debug\link.read.1.tlog
C:\Users\sfrees\Dropbox\ramapo\classes\CMPS369\cmps369\01_tcp_demos\C_Server\Debug\link.write.1.tlog
C:\Users\sfrees\Dropbox\ramapo\classes\CMPS369\cmps369\01_tcp_demos\C_Server\Debug\vc110.idb
C:\Users\sfrees\Dropbox\ramapo\classes\CMPS369\cmps369\01_tcp_demos\C_Server\Debug\vc110.pdb
C:\Users\sfrees\Dropbox\ramapo\classes\CMPS369\cmps369\01_tcp_demos\C_Client\Debug\C_Server.pdb
C:\Users\sfrees\Dropbox\ramapo\classes\CMPS369\cmps369\01_tcp_demos\C_Client\Debug\C_Server.exe
C:\Users\sfrees\Dropbox\ramapo\classes\CMPS369\cmps369\01_tcp_demos\C_Client\Debug\C_Server.ilk
